2025-03-18 13:13:31,613 - INFO - Database connection established.
2025-03-18 13:13:31,785 - INFO - Fetched 3388 records from source table.
2025-03-18 13:13:31,799 - ERROR - Error in ETL process: (pyodbc.ProgrammingError) ('42000', "[42000] [Microsoft][ODBC Driver 17 for SQL Server][SQL Server]Column 'appointment_ext_id' in table 'dbo.staging_appointments' is of a type that is invalid for use as a key column in an index. (1919) (SQLExecDirectW)")
[SQL: 
        IF NOT EXISTS (SELECT * FROM sys.indexes WHERE name='idx_appointment' AND object_id = OBJECT_ID('[dbo].[staging_appointments]'))
        CREATE INDEX idx_appointment ON [dbo].[staging_appointments] (appointment_ext_id, participant_integration_id, File_Created_On);
        ]
(Background on this error at: https://sqlalche.me/e/20/f405)
2025-03-18 13:21:52,441 - INFO - Database connection established.
2025-03-18 13:21:52,554 - INFO - Fetched 3388 records from source table.
2025-03-18 13:21:52,570 - INFO - Indexes created or verified.
2025-03-18 13:21:52,784 - ERROR - Error in ETL process: (pyodbc.ProgrammingError) ('42000', "[42000] [Microsoft][ODBC Driver 17 for SQL Server][SQL Server]String or binary data would be truncated in table 'saraka_sandbox.dbo.staging_appointments', column 'appointment_description'. Truncated value: 'I need some help with the Smeal study abroad course pre-approval. I am unsure which classes I am tak'. (2628) (SQLParamData); [42000] [Microsoft][ODBC Driver 17 for SQL Server][SQL Server]The statement has been terminated. (3621)")
[SQL: INSERT INTO staging_appointments ([INTEGRATION_ID], appointment_ext_id, participant_integration_id, calendar_owner_integration_id, calendar_owner_userid, calendar_owner_first_name, calendar_owner_last_name, calendar_owner_institutional_email, partici ... 6766 characters truncated ... , ?, ?, ?, ?, ?, ?, ?, ?, ?, ?, ?, ?, ?, ?, ?, ?, ?, ?, ?, ?, ?, ?, ?, ?, ?, ?, ?, ?, ?, ?, ?, ?, ?)]
[parameters: ('00087843-b63f-4bd9-9c60-b71ec112974d_942065832', '00087843-b63f-4bd9-9c60-b71ec112974d', '942065832', '939414855', 'dql11@psu.edu', 'Dean', 'Lewis', 'dql11@psu.edu', 'jwj5525@psu.edu', 'Jake', 'Jenisch', 'jwj5525@psu.edu', 'JAKEWJENISCH@GMAIL.COM', '1. Talk about my classes (past, current, and/or future)', datetime.datetime(2025, 3, 18, 11, 30), datetime.datetime(2025, 3, 18, 12, 0), 'AMIC 232', None, None, None, None, 0, 'Advising for  assigned advisees', None, None, None, None, None, '30', 1, None, None, 'appointments_20250318T014203.csv', datetime.datetime(2025, 3, 18, 1, 42, 3), 'SF_Appointments', b'\xbf`\x04\xcf\xebt\xc1\xd5\x963\xb8\x85\'\xb1J=f\x93;;u*\x1b"`\xa0\xbe\x8b\xe0A\xe5\xe9', 1, '0009f5dd-b322-4225-812a-38ada21b4d32_939019700', '0009f5dd-b322-4225-812a-38ada21b4d32', '939019700', '986863105', 'srk5836@psu.edu', 'Samuel', 'Kilareski', 'srk5836@psu.edu', 'tjh6473@psu.edu', 'Thomas', 'Hayden', 'tjh6473@psu.edu', 'tjjphayden@icloud.com' ... 1972 parameters truncated ... None, None, None, None, '30', 1, None, None, 'appointments_20250318T014203.csv', datetime.datetime(2025, 3, 18, 1, 42, 3), 'SF_Appointments', b'\xe9\xf1\xaf\xb6\x90\x8b\xcbk\xc5\x7f\x89\\c\xad\xb1\xd1\xab\xb6TsD\x0c\xeb\x1a\x0c\x9d)\xf4\x06\xf4\x88\xcd', 1, '045aa7a7-11ed-4371-b324-aa63a27f1e39_988705502', '045aa7a7-11ed-4371-b324-aa63a27f1e39', '988705502', '964175735', 'aet169@psu.edu', 'Allison', 'Tomczyk', 'aet169@psu.edu', 'tdb5575@psu.edu', 'Tenisha', 'Bell', 'tdb5575@psu.edu', 'TBELL81191@GMAIL.COM', 'Success Plan referral', datetime.datetime(2025, 3, 17, 12, 45), datetime.datetime(2025, 3, 17, 13, 0), 'Nursing Building 110', None, None, None, None, 0, 'NURS Academic Coaching', None, None, datetime.datetime(2025, 3, 17, 12, 35), datetime.datetime(2025, 3, 17, 12, 44), '9', '15', 1, None, 'PI - Family/Other responsibilities;PI - Health/Wellness;PI - Study skills;PI - Time management;RU - ATI resources;RU - Exam review;RU - Meet with Course Coordinator;RU - Textbook/Resources', 'appointments_20250318T014203.csv', datetime.datetime(2025, 3, 18, 1, 42, 3), 'SF_Appointments', b'\xe6,]odd_W\xe6\x00\xdc\x16v\x8f\x92\xe0F\x9b\x8ayM\xc5T\xffL\xa8>484gf', 1)]
(Background on this error at: https://sqlalche.me/e/20/f405)
2025-03-18 13:32:57,641 - INFO - Database connection established.
2025-03-18 13:32:57,811 - INFO - Fetched 3388 records from source table.
2025-03-18 13:32:57,825 - INFO - Indexes created or verified.
2025-03-18 13:32:58,554 - ERROR - Error in ETL process: (pyodbc.ProgrammingError) ('42000', "[42000] [Microsoft][ODBC Driver 17 for SQL Server][SQL Server]String or binary data would be truncated in table 'saraka_sandbox.dbo.staging_appointments', column 'appointment_comment'. Truncated value: 'ACCAB or BSBAB. Christian''s self-reported grades indicate he is doing well in BA 100, CAS 100A, and'. (2628) (SQLParamData); [42000] [Microsoft][ODBC Driver 17 for SQL Server][SQL Server]The statement has been terminated. (3621)")
[SQL: INSERT INTO staging_appointments ([INTEGRATION_ID], appointment_ext_id, participant_integration_id, calendar_owner_integration_id, calendar_owner_userid, calendar_owner_first_name, calendar_owner_last_name, calendar_owner_institutional_email, partici ... 6766 characters truncated ... , ?, ?, ?, ?, ?, ?, ?, ?, ?, ?, ?, ?, ?, ?, ?, ?, ?, ?, ?, ?, ?, ?, ?, ?, ?, ?, ?, ?, ?, ?, ?, ?, ?)]
[parameters: ('20874ede-8e8d-4d19-8c2e-8d9858487af8_936559085', '20874ede-8e8d-4d19-8c2e-8d9858487af8', '936559085', '989952368', 'bkb21@psu.edu', 'Brittany', 'Rossi', 'bkb21@psu.edu', 'cmr7173@psu.edu', 'Carter', 'Radomicki', 'cmr7173@psu.edu', 'CRADO24@GERMANTOWNACADEMY.ORG', '1. Talk about my classes (past, current, and/or future)', datetime.datetime(2025, 3, 25, 13, 30), datetime.datetime(2025, 3, 25, 14, 0), 'Remote: Zoom Room https://psu.zoom.us/j/5834867727', None, None, None, None, 0, 'Advising for  assigned advisees', None, None, None, None, None, '30', 1, None, None, 'appointments_20250318T014203.csv', datetime.datetime(2025, 3, 18, 1, 42, 3), 'SF_Appointments', b'\x1b33\xcd\xeb\xf2a\xe6\xf1O\xf0\x0c\x8fH5\xc9h\xc3\xef\xd1\xb7j\xb0\x0f\xe8\x7f\x0bq\x9b\x08\xf1\xac', 1, '208bc824-7618-4a72-aff6-f4eb4d3d58b5_988006411', '208bc824-7618-4a72-aff6-f4eb4d3d58b5', '988006411', '909725968', 'dml298@psu.edu', 'Dina', 'Liberatore', 'dml298@psu.edu', 'inr5044@psu.edu', 'Ieisha', 'Ramirez', 'inr5044@psu.edu', 'IEISHARAMIREZ5@GMAIL.COM' ... 1972 parameters truncated ... None, None, None, None, '30', 1, None, None, 'appointments_20250318T014203.csv', datetime.datetime(2025, 3, 18, 1, 42, 3), 'SF_Appointments', b":\x04V\x11\xaa4\x8c\xd7\xe4\xd9\xd0\xb3Gy\xba\xe8\xadK\x07\xb9W\xd2\x03eDY\x8a\x9c'\xc1\x8b0", 1, '24f197e3-833d-48e0-8c84-43f1110aa75a_981471482', '24f197e3-833d-48e0-8c84-43f1110aa75a', '981471482', '962113898', 'spp5879@psu.edu', 'Sara', 'Paliga', 'spp5879@psu.edu', 'gdh5196@psu.edu', 'Gia', 'Hornack', 'gdh5196@psu.edu', 'GIA.HORNACK@COMCAST.NET', 'Post Commitment Questions', datetime.datetime(2025, 3, 17, 11, 0), datetime.datetime(2025, 3, 17, 11, 30), 'Online at Zoom Meeting Room', 'I want to talk about Ea Course Planning tool and just clear up any questions I have. I have already committed to tanzania eco health.', "Met about the tuition discount for when parents work at Penn State. This applies only to the tuition line of the budget sheet for the program page. W ... (246 characters truncated) ... s said otherwise. With taking only 1 Penn State course on the program, this tool may not be as helpful for the conversation with the cademic adviser.", None, None, 0, 'Global Progs Study Abroad Advising', None, None, datetime.datetime(2025, 3, 17, 11, 3), datetime.datetime(2025, 3, 17, 11, 8), '5', '30', 1, None, 'Academic Adviser;Academic Planning (major / minor, courses, goals);Scholarships / Financial Planning;Summer', 'appointments_20250318T014203.csv', datetime.datetime(2025, 3, 18, 1, 42, 3), 'SF_Appointments', b'\n\xbb\x02\xda\xe5\x88\x1aI\x1dk\xa8\x0f\x05\xd6\xc0q\xc4\x9f\xaf#\xe3O\x95\x8b\xd4\xb6J\x8f.])^', 1)]
(Background on this error at: https://sqlalche.me/e/20/f405)
2025-03-18 13:37:13,934 - INFO - Database connection established.
2025-03-18 13:37:14,048 - INFO - Fetched 3388 records from source table.
2025-03-18 13:37:14,067 - INFO - Indexes created or verified.
2025-03-18 13:37:23,453 - ERROR - Error in ETL process: (pyodbc.ProgrammingError) ('42S22', "[42S22] [Microsoft][ODBC Driver 17 for SQL Server][SQL Server]Invalid column name 'row_num'. (207) (SQLExecDirectW); [42S22] [Microsoft][ODBC Driver 17 for SQL Server][SQL Server]Invalid column name 'row_num'. (207); [42S22] [Microsoft][ODBC Driver 17 for SQL Server][SQL Server]Statement(s) could not be prepared. (8180)")
[SQL: INSERT INTO staging_appointments ([INTEGRATION_ID], appointment_ext_id, participant_integration_id, calendar_owner_integration_id, calendar_owner_userid, calendar_owner_first_name, calendar_owner_last_name, calendar_owner_institutional_email, partici ... 6766 characters truncated ... , ?, ?, ?, ?, ?, ?, ?, ?, ?, ?, ?, ?, ?, ?, ?, ?, ?, ?, ?, ?, ?, ?, ?, ?, ?, ?, ?, ?, ?, ?, ?, ?, ?)]
[parameters: ('00087843-b63f-4bd9-9c60-b71ec112974d_942065832', '00087843-b63f-4bd9-9c60-b71ec112974d', '942065832', '939414855', 'dql11@psu.edu', 'Dean', 'Lewis', 'dql11@psu.edu', 'jwj5525@psu.edu', 'Jake', 'Jenisch', 'jwj5525@psu.edu', 'JAKEWJENISCH@GMAIL.COM', '1. Talk about my classes (past, current, and/or future)', datetime.datetime(2025, 3, 18, 11, 30), datetime.datetime(2025, 3, 18, 12, 0), 'AMIC 232', None, None, None, None, 0, 'Advising for  assigned advisees', None, None, None, None, None, '30', 1, None, None, 'appointments_20250318T014203.csv', datetime.datetime(2025, 3, 18, 1, 42, 3), 'SF_Appointments', b'\xbf`\x04\xcf\xebt\xc1\xd5\x963\xb8\x85\'\xb1J=f\x93;;u*\x1b"`\xa0\xbe\x8b\xe0A\xe5\xe9', 1, '0009f5dd-b322-4225-812a-38ada21b4d32_939019700', '0009f5dd-b322-4225-812a-38ada21b4d32', '939019700', '986863105', 'srk5836@psu.edu', 'Samuel', 'Kilareski', 'srk5836@psu.edu', 'tjh6473@psu.edu', 'Thomas', 'Hayden', 'tjh6473@psu.edu', 'tjjphayden@icloud.com' ... 1972 parameters truncated ... None, None, None, None, '30', 1, None, None, 'appointments_20250318T014203.csv', datetime.datetime(2025, 3, 18, 1, 42, 3), 'SF_Appointments', b'\xe9\xf1\xaf\xb6\x90\x8b\xcbk\xc5\x7f\x89\\c\xad\xb1\xd1\xab\xb6TsD\x0c\xeb\x1a\x0c\x9d)\xf4\x06\xf4\x88\xcd', 1, '045aa7a7-11ed-4371-b324-aa63a27f1e39_988705502', '045aa7a7-11ed-4371-b324-aa63a27f1e39', '988705502', '964175735', 'aet169@psu.edu', 'Allison', 'Tomczyk', 'aet169@psu.edu', 'tdb5575@psu.edu', 'Tenisha', 'Bell', 'tdb5575@psu.edu', 'TBELL81191@GMAIL.COM', 'Success Plan referral', datetime.datetime(2025, 3, 17, 12, 45), datetime.datetime(2025, 3, 17, 13, 0), 'Nursing Building 110', None, None, None, None, 0, 'NURS Academic Coaching', None, None, datetime.datetime(2025, 3, 17, 12, 35), datetime.datetime(2025, 3, 17, 12, 44), '9', '15', 1, None, 'PI - Family/Other responsibilities;PI - Health/Wellness;PI - Study skills;PI - Time management;RU - ATI resources;RU - Exam review;RU - Meet with Course Coordinator;RU - Textbook/Resources', 'appointments_20250318T014203.csv', datetime.datetime(2025, 3, 18, 1, 42, 3), 'SF_Appointments', b'\xe6,]odd_W\xe6\x00\xdc\x16v\x8f\x92\xe0F\x9b\x8ayM\xc5T\xffL\xa8>484gf', 1)]
(Background on this error at: https://sqlalche.me/e/20/f405)
2025-03-18 13:43:05,883 - INFO - Database connection established.
2025-03-18 13:43:05,997 - INFO - Fetched 3388 records from source table.
2025-03-18 13:43:06,010 - INFO - Indexes created or verified.
2025-03-18 13:43:06,178 - ERROR - Error in ETL process: (pyodbc.ProgrammingError) ('42000', '[42000] [Microsoft][ODBC Driver 17 for SQL Server][SQL Server]Implicit conversion from data type varchar(max) to varbinary is not allowed. Use the CONVERT function to run this query. (257) (SQLExecDirectW); [42000] [Microsoft][ODBC Driver 17 for SQL Server][SQL Server]Statement(s) could not be prepared. (8180)')
[SQL: INSERT INTO staging_appointments ([INTEGRATION_ID], appointment_ext_id, participant_integration_id, calendar_owner_integration_id, calendar_owner_userid, calendar_owner_first_name, calendar_owner_last_name, calendar_owner_institutional_email, partici ... 6809 characters truncated ... , ?, ?, ?, ?, ?, ?, ?, ?, ?, ?, ?, ?, ?, ?, ?, ?, ?, ?, ?, ?, ?, ?, ?, ?, ?, ?, ?, ?, ?, ?, ?, ?, ?)]
[parameters: ('00087843-b63f-4bd9-9c60-b71ec112974d_942065832', '00087843-b63f-4bd9-9c60-b71ec112974d', '942065832', '939414855', 'dql11@psu.edu', 'Dean', 'Lewis', 'dql11@psu.edu', 'jwj5525@psu.edu', 'Jake', 'Jenisch', 'jwj5525@psu.edu', 'JAKEWJENISCH@GMAIL.COM', '1. Talk about my classes (past, current, and/or future)', datetime.datetime(2025, 3, 18, 11, 30), datetime.datetime(2025, 3, 18, 12, 0), 'AMIC 232', None, None, None, None, 0, 'Advising for  assigned advisees', None, None, None, None, None, '30', 1, None, None, 'appointments_20250318T014203.csv', datetime.datetime(2025, 3, 18, 1, 42, 3), 'SF_Appointments', b'\xbf`\x04\xcf\xebt\xc1\xd5\x963\xb8\x85\'\xb1J=f\x93;;u*\x1b"`\xa0\xbe\x8b\xe0A\xe5\xe9', '0009f5dd-b322-4225-812a-38ada21b4d32_939019700', '0009f5dd-b322-4225-812a-38ada21b4d32', '939019700', '986863105', 'srk5836@psu.edu', 'Samuel', 'Kilareski', 'srk5836@psu.edu', 'tjh6473@psu.edu', 'Thomas', 'Hayden', 'tjh6473@psu.edu', 'tjjphayden@icloud.com', 'Meet with Peer Mentor/Peer Success Coach' ... 1988 parameters truncated ... 'Advising for  assigned advisees', None, None, None, None, None, '30', 1, None, None, 'appointments_20250318T014203.csv', datetime.datetime(2025, 3, 18, 1, 42, 3), 'SF_Appointments', b'\xa3\xc0\xc4\xddq\xe3>p*!\xd4\x1b\xdeVG\x89\x0c\x92q\x8f\xfd{\xc4\x87\x9e\xb3\x87\x92h\x96K\xec', '0481f23b-260a-4563-886c-0f52d19ba04a_949590986', '0481f23b-260a-4563-886c-0f52d19ba04a', '949590986', '946442280', 'sur343@psu.edu', 'Seong Mae', 'Ryoo', 'sur343@psu.edu', 'xzd5113@psu.edu', 'Xiuqi', 'Du', 'xzd5113@psu.edu', 'DUXIUQI2024@163.COM', 'Teaching - Discuss prior course work', datetime.datetime(2025, 3, 18, 16, 30), datetime.datetime(2025, 3, 18, 16, 45), 'W 356E', None, None, None, None, 0, 'Teaching', None, None, None, None, None, '15', 1, None, None, 'appointments_20250318T014203.csv', datetime.datetime(2025, 3, 18, 1, 42, 3), 'SF_Appointments', b'\xd6\x98zb\xbc\x92\x1b\x94O\xbf=\xbe\xcbf\x07\xa1\x17\x01\xa5\xa4\xc1\xc9>\xcd\xb7z(/\x12*\x84\x80')]
(Background on this error at: https://sqlalche.me/e/20/f405)
2025-03-18 13:47:19,187 - INFO - Database connection established.
2025-03-18 13:47:19,248 - ERROR - Error in ETL process: (pyodbc.ProgrammingError) ('42S22', "[42S22] [Microsoft][ODBC Driver 17 for SQL Server][SQL Server]Invalid column name 'row_num'. (207) (SQLExecDirectW)")
[SQL: 
            WITH LastAppointment AS (
                SELECT 
                    CONCAT(appointment_ext_id, '_', participant_integration_id) AS INTEGRATION_ID,
                    appointment_ext_id,
                    participant_integration_id,
                    calendar_owner_integration_id,
                    calendar_owner_userid,
                    calendar_owner_first_name,
                    calendar_owner_last_name,
                    calendar_owner_institutional_email,
                    participant_userid,
                    participant_first_name,
                    participant_last_name,
                    participant_institutional_email,
                    participant_alternate_email,
                    appointment_type_reason,
                    appointment_start_date,
                    appointment_end_date,
                    appointment_location,
                    appointment_description,
                    appointment_comment,
                    canceled_date,
                    course_section_id,
                    no_show,
                    appointment_type,
                    arrival_time,
                    wait_time,
                    actual_start_date,
                    actual_end_date,
                    actual_duration,
                    scheduled_duration,
                    scheduled,
                    waiting_room_status,
                    activities,
                    file_name AS FileImported,
                    file_created_on AS File_Created_On,
                    'SF_Appointments' AS ETL_SOURCE,
                    CONVERT(VARBINARY(32), 
                        HASHBYTES('SHA2_256', 
                                  CONCAT(appointment_ext_id, participant_integration_id, 
                                         appointment_type, scheduled, appointment_start_date, 
                                         appointment_end_date))) AS Hash_DW
                FROM [dbo].[appointments_stg]
                WHERE appointment_ext_id <> 'None'
            )
            -- \U0001f525 Fix: Explicitly exclude row_num from final selection
            SELECT 
                INTEGRATION_ID,
                appointment_ext_id,
                participant_integration_id,
                calendar_owner_integration_id,
                calendar_owner_userid,
                calendar_owner_first_name,
                calendar_owner_last_name,
                calendar_owner_institutional_email,
                participant_userid,
                participant_first_name,
                participant_last_name,
                participant_institutional_email,
                participant_alternate_email,
                appointment_type_reason,
                appointment_start_date,
                appointment_end_date,
                appointment_location,
                appointment_description,
                appointment_comment,
                canceled_date,
                course_section_id,
                no_show,
                appointment_type,
                arrival_time,
                wait_time,
                actual_start_date,
                actual_end_date,
                actual_duration,
                scheduled_duration,
                scheduled,
                waiting_room_status,
                activities,
                FileImported,
                File_Created_On,
                ETL_SOURCE,
                Hash_DW
            FROM LastAppointment WHERE row_num = 1;
        ]
(Background on this error at: https://sqlalche.me/e/20/f405)
2025-03-18 13:50:12,927 - INFO - Database connection established.
2025-03-18 13:50:13,040 - INFO - Fetched 3388 records from source table.
2025-03-18 13:50:13,053 - INFO - Indexes created or verified.
2025-03-18 13:50:13,219 - ERROR - Error in ETL process: (pyodbc.ProgrammingError) ('42000', '[42000] [Microsoft][ODBC Driver 17 for SQL Server][SQL Server]Implicit conversion from data type varchar(max) to varbinary is not allowed. Use the CONVERT function to run this query. (257) (SQLExecDirectW); [42000] [Microsoft][ODBC Driver 17 for SQL Server][SQL Server]Statement(s) could not be prepared. (8180)')
[SQL: INSERT INTO staging_appointments ([INTEGRATION_ID], appointment_ext_id, participant_integration_id, calendar_owner_integration_id, calendar_owner_userid, calendar_owner_first_name, calendar_owner_last_name, calendar_owner_institutional_email, partici ... 6809 characters truncated ... , ?, ?, ?, ?, ?, ?, ?, ?, ?, ?, ?, ?, ?, ?, ?, ?, ?, ?, ?, ?, ?, ?, ?, ?, ?, ?, ?, ?, ?, ?, ?, ?, ?)]
[parameters: ('00087843-b63f-4bd9-9c60-b71ec112974d_942065832', '00087843-b63f-4bd9-9c60-b71ec112974d', '942065832', '939414855', 'dql11@psu.edu', 'Dean', 'Lewis', 'dql11@psu.edu', 'jwj5525@psu.edu', 'Jake', 'Jenisch', 'jwj5525@psu.edu', 'JAKEWJENISCH@GMAIL.COM', '1. Talk about my classes (past, current, and/or future)', datetime.datetime(2025, 3, 18, 11, 30), datetime.datetime(2025, 3, 18, 12, 0), 'AMIC 232', None, None, None, None, 0, 'Advising for  assigned advisees', None, None, None, None, None, '30', 1, None, None, 'appointments_20250318T014203.csv', datetime.datetime(2025, 3, 18, 1, 42, 3), 'SF_Appointments', b'\xbf`\x04\xcf\xebt\xc1\xd5\x963\xb8\x85\'\xb1J=f\x93;;u*\x1b"`\xa0\xbe\x8b\xe0A\xe5\xe9', '0009f5dd-b322-4225-812a-38ada21b4d32_939019700', '0009f5dd-b322-4225-812a-38ada21b4d32', '939019700', '986863105', 'srk5836@psu.edu', 'Samuel', 'Kilareski', 'srk5836@psu.edu', 'tjh6473@psu.edu', 'Thomas', 'Hayden', 'tjh6473@psu.edu', 'tjjphayden@icloud.com', 'Meet with Peer Mentor/Peer Success Coach' ... 1988 parameters truncated ... 'Advising for  assigned advisees', None, None, None, None, None, '30', 1, None, None, 'appointments_20250318T014203.csv', datetime.datetime(2025, 3, 18, 1, 42, 3), 'SF_Appointments', b'\xa3\xc0\xc4\xddq\xe3>p*!\xd4\x1b\xdeVG\x89\x0c\x92q\x8f\xfd{\xc4\x87\x9e\xb3\x87\x92h\x96K\xec', '0481f23b-260a-4563-886c-0f52d19ba04a_949590986', '0481f23b-260a-4563-886c-0f52d19ba04a', '949590986', '946442280', 'sur343@psu.edu', 'Seong Mae', 'Ryoo', 'sur343@psu.edu', 'xzd5113@psu.edu', 'Xiuqi', 'Du', 'xzd5113@psu.edu', 'DUXIUQI2024@163.COM', 'Teaching - Discuss prior course work', datetime.datetime(2025, 3, 18, 16, 30), datetime.datetime(2025, 3, 18, 16, 45), 'W 356E', None, None, None, None, 0, 'Teaching', None, None, None, None, None, '15', 1, None, None, 'appointments_20250318T014203.csv', datetime.datetime(2025, 3, 18, 1, 42, 3), 'SF_Appointments', b'\xd6\x98zb\xbc\x92\x1b\x94O\xbf=\xbe\xcbf\x07\xa1\x17\x01\xa5\xa4\xc1\xc9>\xcd\xb7z(/\x12*\x84\x80')]
(Background on this error at: https://sqlalche.me/e/20/f405)
2025-03-18 13:52:49,201 - INFO - Database connection established.
2025-03-18 13:52:49,314 - INFO - Fetched 3388 records from source table.
2025-03-18 13:52:49,328 - INFO - Indexes created or verified.
2025-03-18 13:52:49,494 - ERROR - Error in ETL process: (pyodbc.ProgrammingError) ('42000', '[42000] [Microsoft][ODBC Driver 17 for SQL Server][SQL Server]Implicit conversion from data type varchar(max) to varbinary is not allowed. Use the CONVERT function to run this query. (257) (SQLExecDirectW); [42000] [Microsoft][ODBC Driver 17 for SQL Server][SQL Server]Statement(s) could not be prepared. (8180)')
[SQL: INSERT INTO staging_appointments ([INTEGRATION_ID], appointment_ext_id, participant_integration_id, calendar_owner_integration_id, calendar_owner_userid, calendar_owner_first_name, calendar_owner_last_name, calendar_owner_institutional_email, partici ... 6809 characters truncated ... , ?, ?, ?, ?, ?, ?, ?, ?, ?, ?, ?, ?, ?, ?, ?, ?, ?, ?, ?, ?, ?, ?, ?, ?, ?, ?, ?, ?, ?, ?, ?, ?, ?)]
[parameters: ('00087843-b63f-4bd9-9c60-b71ec112974d_942065832', '00087843-b63f-4bd9-9c60-b71ec112974d', '942065832', '939414855', 'dql11@psu.edu', 'Dean', 'Lewis', 'dql11@psu.edu', 'jwj5525@psu.edu', 'Jake', 'Jenisch', 'jwj5525@psu.edu', 'JAKEWJENISCH@GMAIL.COM', '1. Talk about my classes (past, current, and/or future)', datetime.datetime(2025, 3, 18, 11, 30), datetime.datetime(2025, 3, 18, 12, 0), 'AMIC 232', None, None, None, None, 0, 'Advising for  assigned advisees', None, None, None, None, None, '30', 1, None, None, 'appointments_20250318T014203.csv', datetime.datetime(2025, 3, 18, 1, 42, 3), 'SF_Appointments', b'\xbf`\x04\xcf\xebt\xc1\xd5\x963\xb8\x85\'\xb1J=f\x93;;u*\x1b"`\xa0\xbe\x8b\xe0A\xe5\xe9', '0009f5dd-b322-4225-812a-38ada21b4d32_939019700', '0009f5dd-b322-4225-812a-38ada21b4d32', '939019700', '986863105', 'srk5836@psu.edu', 'Samuel', 'Kilareski', 'srk5836@psu.edu', 'tjh6473@psu.edu', 'Thomas', 'Hayden', 'tjh6473@psu.edu', 'tjjphayden@icloud.com', 'Meet with Peer Mentor/Peer Success Coach' ... 1988 parameters truncated ... 'Advising for  assigned advisees', None, None, None, None, None, '30', 1, None, None, 'appointments_20250318T014203.csv', datetime.datetime(2025, 3, 18, 1, 42, 3), 'SF_Appointments', b'\xa3\xc0\xc4\xddq\xe3>p*!\xd4\x1b\xdeVG\x89\x0c\x92q\x8f\xfd{\xc4\x87\x9e\xb3\x87\x92h\x96K\xec', '0481f23b-260a-4563-886c-0f52d19ba04a_949590986', '0481f23b-260a-4563-886c-0f52d19ba04a', '949590986', '946442280', 'sur343@psu.edu', 'Seong Mae', 'Ryoo', 'sur343@psu.edu', 'xzd5113@psu.edu', 'Xiuqi', 'Du', 'xzd5113@psu.edu', 'DUXIUQI2024@163.COM', 'Teaching - Discuss prior course work', datetime.datetime(2025, 3, 18, 16, 30), datetime.datetime(2025, 3, 18, 16, 45), 'W 356E', None, None, None, None, 0, 'Teaching', None, None, None, None, None, '15', 1, None, None, 'appointments_20250318T014203.csv', datetime.datetime(2025, 3, 18, 1, 42, 3), 'SF_Appointments', b'\xd6\x98zb\xbc\x92\x1b\x94O\xbf=\xbe\xcbf\x07\xa1\x17\x01\xa5\xa4\xc1\xc9>\xcd\xb7z(/\x12*\x84\x80')]
(Background on this error at: https://sqlalche.me/e/20/f405)
2025-03-18 13:57:29,068 - INFO - Database connection established.
2025-03-18 13:57:29,181 - INFO - Fetched 3388 records from source table.
2025-03-18 13:57:29,195 - INFO - Indexes created or verified.
2025-03-18 13:57:29,360 - ERROR - Error in ETL process: (pyodbc.ProgrammingError) ('42000', '[42000] [Microsoft][ODBC Driver 17 for SQL Server][SQL Server]Implicit conversion from data type varchar(max) to varbinary is not allowed. Use the CONVERT function to run this query. (257) (SQLExecDirectW); [42000] [Microsoft][ODBC Driver 17 for SQL Server][SQL Server]Statement(s) could not be prepared. (8180)')
[SQL: INSERT INTO staging_appointments ([INTEGRATION_ID], appointment_ext_id, participant_integration_id, calendar_owner_integration_id, calendar_owner_userid, calendar_owner_first_name, calendar_owner_last_name, calendar_owner_institutional_email, partici ... 6809 characters truncated ... , ?, ?, ?, ?, ?, ?, ?, ?, ?, ?, ?, ?, ?, ?, ?, ?, ?, ?, ?, ?, ?, ?, ?, ?, ?, ?, ?, ?, ?, ?, ?, ?, ?)]
[parameters: ('00087843-b63f-4bd9-9c60-b71ec112974d_942065832', '00087843-b63f-4bd9-9c60-b71ec112974d', '942065832', '939414855', 'dql11@psu.edu', 'Dean', 'Lewis', 'dql11@psu.edu', 'jwj5525@psu.edu', 'Jake', 'Jenisch', 'jwj5525@psu.edu', 'JAKEWJENISCH@GMAIL.COM', '1. Talk about my classes (past, current, and/or future)', datetime.datetime(2025, 3, 18, 11, 30), datetime.datetime(2025, 3, 18, 12, 0), 'AMIC 232', None, None, None, None, 0, 'Advising for  assigned advisees', None, None, None, None, None, '30', 1, None, None, 'appointments_20250318T014203.csv', datetime.datetime(2025, 3, 18, 1, 42, 3), 'SF_Appointments', b'>p\xea\xb5O\x84\x10o\xf8\x03\xb3\x16_\xaa\xc5T', '0009f5dd-b322-4225-812a-38ada21b4d32_939019700', '0009f5dd-b322-4225-812a-38ada21b4d32', '939019700', '986863105', 'srk5836@psu.edu', 'Samuel', 'Kilareski', 'srk5836@psu.edu', 'tjh6473@psu.edu', 'Thomas', 'Hayden', 'tjh6473@psu.edu', 'tjjphayden@icloud.com', 'Meet with Peer Mentor/Peer Success Coach' ... 1988 parameters truncated ... 'Advising for  assigned advisees', None, None, None, None, None, '30', 1, None, None, 'appointments_20250318T014203.csv', datetime.datetime(2025, 3, 18, 1, 42, 3), 'SF_Appointments', b'\x1c\x0b\xbd\xfc4\x1buk\x9atT\xa7y\x1dj\x99', '0481f23b-260a-4563-886c-0f52d19ba04a_949590986', '0481f23b-260a-4563-886c-0f52d19ba04a', '949590986', '946442280', 'sur343@psu.edu', 'Seong Mae', 'Ryoo', 'sur343@psu.edu', 'xzd5113@psu.edu', 'Xiuqi', 'Du', 'xzd5113@psu.edu', 'DUXIUQI2024@163.COM', 'Teaching - Discuss prior course work', datetime.datetime(2025, 3, 18, 16, 30), datetime.datetime(2025, 3, 18, 16, 45), 'W 356E', None, None, None, None, 0, 'Teaching', None, None, None, None, None, '15', 1, None, None, 'appointments_20250318T014203.csv', datetime.datetime(2025, 3, 18, 1, 42, 3), 'SF_Appointments', b'\\\xc4\xc0\xf1\xb33\xc8w\x92\xc8xp\xe8Ub\xfe')]
(Background on this error at: https://sqlalche.me/e/20/f405)
2025-03-18 13:59:24,434 - INFO - Database connection established.
2025-03-18 13:59:24,546 - INFO - Fetched 3388 records from source table.
2025-03-18 13:59:24,562 - INFO - Indexes created or verified.
2025-03-18 13:59:24,728 - ERROR - Error in ETL process: (pyodbc.ProgrammingError) ('42000', '[42000] [Microsoft][ODBC Driver 17 for SQL Server][SQL Server]Implicit conversion from data type varchar(max) to varbinary is not allowed. Use the CONVERT function to run this query. (257) (SQLExecDirectW); [42000] [Microsoft][ODBC Driver 17 for SQL Server][SQL Server]Statement(s) could not be prepared. (8180)')
[SQL: INSERT INTO staging_appointments ([INTEGRATION_ID], appointment_ext_id, participant_integration_id, calendar_owner_integration_id, calendar_owner_userid, calendar_owner_first_name, calendar_owner_last_name, calendar_owner_institutional_email, partici ... 6809 characters truncated ... , ?, ?, ?, ?, ?, ?, ?, ?, ?, ?, ?, ?, ?, ?, ?, ?, ?, ?, ?, ?, ?, ?, ?, ?, ?, ?, ?, ?, ?, ?, ?, ?, ?)]
[parameters: ('00087843-b63f-4bd9-9c60-b71ec112974d_942065832', '00087843-b63f-4bd9-9c60-b71ec112974d', '942065832', '939414855', 'dql11@psu.edu', 'Dean', 'Lewis', 'dql11@psu.edu', 'jwj5525@psu.edu', 'Jake', 'Jenisch', 'jwj5525@psu.edu', 'JAKEWJENISCH@GMAIL.COM', '1. Talk about my classes (past, current, and/or future)', datetime.datetime(2025, 3, 18, 11, 30), datetime.datetime(2025, 3, 18, 12, 0), 'AMIC 232', None, None, None, None, 0, 'Advising for  assigned advisees', None, None, None, None, None, '30', 1, None, None, 'appointments_20250318T014203.csv', datetime.datetime(2025, 3, 18, 1, 42, 3), 'SF_Appointments', b'>p\xea\xb5O\x84\x10o\xf8\x03\xb3\x16_\xaa\xc5T', '0009f5dd-b322-4225-812a-38ada21b4d32_939019700', '0009f5dd-b322-4225-812a-38ada21b4d32', '939019700', '986863105', 'srk5836@psu.edu', 'Samuel', 'Kilareski', 'srk5836@psu.edu', 'tjh6473@psu.edu', 'Thomas', 'Hayden', 'tjh6473@psu.edu', 'tjjphayden@icloud.com', 'Meet with Peer Mentor/Peer Success Coach' ... 1988 parameters truncated ... 'Advising for  assigned advisees', None, None, None, None, None, '30', 1, None, None, 'appointments_20250318T014203.csv', datetime.datetime(2025, 3, 18, 1, 42, 3), 'SF_Appointments', b'\x1c\x0b\xbd\xfc4\x1buk\x9atT\xa7y\x1dj\x99', '0481f23b-260a-4563-886c-0f52d19ba04a_949590986', '0481f23b-260a-4563-886c-0f52d19ba04a', '949590986', '946442280', 'sur343@psu.edu', 'Seong Mae', 'Ryoo', 'sur343@psu.edu', 'xzd5113@psu.edu', 'Xiuqi', 'Du', 'xzd5113@psu.edu', 'DUXIUQI2024@163.COM', 'Teaching - Discuss prior course work', datetime.datetime(2025, 3, 18, 16, 30), datetime.datetime(2025, 3, 18, 16, 45), 'W 356E', None, None, None, None, 0, 'Teaching', None, None, None, None, None, '15', 1, None, None, 'appointments_20250318T014203.csv', datetime.datetime(2025, 3, 18, 1, 42, 3), 'SF_Appointments', b'\\\xc4\xc0\xf1\xb33\xc8w\x92\xc8xp\xe8Ub\xfe')]
(Background on this error at: https://sqlalche.me/e/20/f405)
2025-03-18 14:01:11,073 - INFO - Database connection established.
2025-03-18 14:01:11,185 - INFO - Fetched 3388 records from source table.
2025-03-18 14:01:11,199 - INFO - Indexes created or verified.
2025-03-18 14:01:11,367 - ERROR - Error in ETL process: (pyodbc.ProgrammingError) ('42000', '[42000] [Microsoft][ODBC Driver 17 for SQL Server][SQL Server]Implicit conversion from data type varchar(max) to varbinary is not allowed. Use the CONVERT function to run this query. (257) (SQLExecDirectW); [42000] [Microsoft][ODBC Driver 17 for SQL Server][SQL Server]Statement(s) could not be prepared. (8180)')
[SQL: INSERT INTO staging_appointments ([INTEGRATION_ID], appointment_ext_id, participant_integration_id, calendar_owner_integration_id, calendar_owner_userid, calendar_owner_first_name, calendar_owner_last_name, calendar_owner_institutional_email, partici ... 6809 characters truncated ... , ?, ?, ?, ?, ?, ?, ?, ?, ?, ?, ?, ?, ?, ?, ?, ?, ?, ?, ?, ?, ?, ?, ?, ?, ?, ?, ?, ?, ?, ?, ?, ?, ?)]
[parameters: ('00087843-b63f-4bd9-9c60-b71ec112974d_942065832', '00087843-b63f-4bd9-9c60-b71ec112974d', '942065832', '939414855', 'dql11@psu.edu', 'Dean', 'Lewis', 'dql11@psu.edu', 'jwj5525@psu.edu', 'Jake', 'Jenisch', 'jwj5525@psu.edu', 'JAKEWJENISCH@GMAIL.COM', '1. Talk about my classes (past, current, and/or future)', datetime.datetime(2025, 3, 18, 11, 30), datetime.datetime(2025, 3, 18, 12, 0), 'AMIC 232', None, None, None, None, 0, 'Advising for  assigned advisees', None, None, None, None, None, '30', 1, None, None, 'appointments_20250318T014203.csv', datetime.datetime(2025, 3, 18, 1, 42, 3), 'SF_Appointments', b'>p\xea\xb5O\x84\x10o\xf8\x03\xb3\x16_\xaa\xc5T', '0009f5dd-b322-4225-812a-38ada21b4d32_939019700', '0009f5dd-b322-4225-812a-38ada21b4d32', '939019700', '986863105', 'srk5836@psu.edu', 'Samuel', 'Kilareski', 'srk5836@psu.edu', 'tjh6473@psu.edu', 'Thomas', 'Hayden', 'tjh6473@psu.edu', 'tjjphayden@icloud.com', 'Meet with Peer Mentor/Peer Success Coach' ... 1988 parameters truncated ... 'Advising for  assigned advisees', None, None, None, None, None, '30', 1, None, None, 'appointments_20250318T014203.csv', datetime.datetime(2025, 3, 18, 1, 42, 3), 'SF_Appointments', b'\x1c\x0b\xbd\xfc4\x1buk\x9atT\xa7y\x1dj\x99', '0481f23b-260a-4563-886c-0f52d19ba04a_949590986', '0481f23b-260a-4563-886c-0f52d19ba04a', '949590986', '946442280', 'sur343@psu.edu', 'Seong Mae', 'Ryoo', 'sur343@psu.edu', 'xzd5113@psu.edu', 'Xiuqi', 'Du', 'xzd5113@psu.edu', 'DUXIUQI2024@163.COM', 'Teaching - Discuss prior course work', datetime.datetime(2025, 3, 18, 16, 30), datetime.datetime(2025, 3, 18, 16, 45), 'W 356E', None, None, None, None, 0, 'Teaching', None, None, None, None, None, '15', 1, None, None, 'appointments_20250318T014203.csv', datetime.datetime(2025, 3, 18, 1, 42, 3), 'SF_Appointments', b'\\\xc4\xc0\xf1\xb33\xc8w\x92\xc8xp\xe8Ub\xfe')]
(Background on this error at: https://sqlalche.me/e/20/f405)
2025-03-18 14:07:03,124 - INFO - Database connection established.
2025-03-18 14:07:03,292 - INFO - Fetched 3388 records from source table.
2025-03-18 14:07:03,305 - INFO - Indexes created or verified.
2025-03-18 14:07:03,474 - ERROR - Error in ETL process: (pyodbc.ProgrammingError) ('42000', '[42000] [Microsoft][ODBC Driver 17 for SQL Server][SQL Server]Implicit conversion from data type varchar(max) to varbinary is not allowed. Use the CONVERT function to run this query. (257) (SQLExecDirectW); [42000] [Microsoft][ODBC Driver 17 for SQL Server][SQL Server]Statement(s) could not be prepared. (8180)')
[SQL: INSERT INTO staging_appointments ([INTEGRATION_ID], appointment_ext_id, participant_integration_id, calendar_owner_integration_id, calendar_owner_userid, calendar_owner_first_name, calendar_owner_last_name, calendar_owner_institutional_email, partici ... 6809 characters truncated ... , ?, ?, ?, ?, ?, ?, ?, ?, ?, ?, ?, ?, ?, ?, ?, ?, ?, ?, ?, ?, ?, ?, ?, ?, ?, ?, ?, ?, ?, ?, ?, ?, ?)]
[parameters: ('00087843-b63f-4bd9-9c60-b71ec112974d_942065832', '00087843-b63f-4bd9-9c60-b71ec112974d', '942065832', '939414855', 'dql11@psu.edu', 'Dean', 'Lewis', 'dql11@psu.edu', 'jwj5525@psu.edu', 'Jake', 'Jenisch', 'jwj5525@psu.edu', 'JAKEWJENISCH@GMAIL.COM', '1. Talk about my classes (past, current, and/or future)', datetime.datetime(2025, 3, 18, 11, 30), datetime.datetime(2025, 3, 18, 12, 0), 'AMIC 232', None, None, None, None, 0, 'Advising for  assigned advisees', None, None, None, None, None, '30', 1, None, None, 'appointments_20250318T014203.csv', datetime.datetime(2025, 3, 18, 1, 42, 3), 'SF_Appointments', b'\xbf`\x04\xcf\xebt\xc1\xd5\x963\xb8\x85\'\xb1J=f\x93;;u*\x1b"`\xa0\xbe\x8b\xe0A\xe5\xe9', '0009f5dd-b322-4225-812a-38ada21b4d32_939019700', '0009f5dd-b322-4225-812a-38ada21b4d32', '939019700', '986863105', 'srk5836@psu.edu', 'Samuel', 'Kilareski', 'srk5836@psu.edu', 'tjh6473@psu.edu', 'Thomas', 'Hayden', 'tjh6473@psu.edu', 'tjjphayden@icloud.com', 'Meet with Peer Mentor/Peer Success Coach' ... 1988 parameters truncated ... 'Advising for  assigned advisees', None, None, None, None, None, '30', 1, None, None, 'appointments_20250318T014203.csv', datetime.datetime(2025, 3, 18, 1, 42, 3), 'SF_Appointments', b'\xa3\xc0\xc4\xddq\xe3>p*!\xd4\x1b\xdeVG\x89\x0c\x92q\x8f\xfd{\xc4\x87\x9e\xb3\x87\x92h\x96K\xec', '0481f23b-260a-4563-886c-0f52d19ba04a_949590986', '0481f23b-260a-4563-886c-0f52d19ba04a', '949590986', '946442280', 'sur343@psu.edu', 'Seong Mae', 'Ryoo', 'sur343@psu.edu', 'xzd5113@psu.edu', 'Xiuqi', 'Du', 'xzd5113@psu.edu', 'DUXIUQI2024@163.COM', 'Teaching - Discuss prior course work', datetime.datetime(2025, 3, 18, 16, 30), datetime.datetime(2025, 3, 18, 16, 45), 'W 356E', None, None, None, None, 0, 'Teaching', None, None, None, None, None, '15', 1, None, None, 'appointments_20250318T014203.csv', datetime.datetime(2025, 3, 18, 1, 42, 3), 'SF_Appointments', b'\xd6\x98zb\xbc\x92\x1b\x94O\xbf=\xbe\xcbf\x07\xa1\x17\x01\xa5\xa4\xc1\xc9>\xcd\xb7z(/\x12*\x84\x80')]
(Background on this error at: https://sqlalche.me/e/20/f405)
2025-03-18 14:34:35,077 - INFO - Database connection established.
2025-03-18 14:34:35,238 - INFO - Fetched 3388 records from source table.
2025-03-18 14:34:35,252 - INFO - Indexes created or verified.
2025-03-18 14:34:35,418 - ERROR - Error in ETL process: (pyodbc.ProgrammingError) ('42000', '[42000] [Microsoft][ODBC Driver 17 for SQL Server][SQL Server]Implicit conversion from data type varchar(max) to varbinary is not allowed. Use the CONVERT function to run this query. (257) (SQLExecDirectW); [42000] [Microsoft][ODBC Driver 17 for SQL Server][SQL Server]Statement(s) could not be prepared. (8180)')
[SQL: INSERT INTO staging_appointments ([INTEGRATION_ID], appointment_ext_id, participant_integration_id, calendar_owner_integration_id, calendar_owner_userid, calendar_owner_first_name, calendar_owner_last_name, calendar_owner_institutional_email, partici ... 6809 characters truncated ... , ?, ?, ?, ?, ?, ?, ?, ?, ?, ?, ?, ?, ?, ?, ?, ?, ?, ?, ?, ?, ?, ?, ?, ?, ?, ?, ?, ?, ?, ?, ?, ?, ?)]
[parameters: ('00087843-b63f-4bd9-9c60-b71ec112974d_942065832', '00087843-b63f-4bd9-9c60-b71ec112974d', '942065832', '939414855', 'dql11@psu.edu', 'Dean', 'Lewis', 'dql11@psu.edu', 'jwj5525@psu.edu', 'Jake', 'Jenisch', 'jwj5525@psu.edu', 'JAKEWJENISCH@GMAIL.COM', '1. Talk about my classes (past, current, and/or future)', datetime.datetime(2025, 3, 18, 11, 30), datetime.datetime(2025, 3, 18, 12, 0), 'AMIC 232', None, None, None, None, 0, 'Advising for  assigned advisees', None, None, None, None, None, '30', 1, None, None, 'appointments_20250318T014203.csv', datetime.datetime(2025, 3, 18, 1, 42, 3), 'SF_Appointments', b'\xbf`\x04\xcf\xebt\xc1\xd5\x963\xb8\x85\'\xb1J=f\x93;;u*\x1b"`\xa0\xbe\x8b\xe0A\xe5\xe9', '0009f5dd-b322-4225-812a-38ada21b4d32_939019700', '0009f5dd-b322-4225-812a-38ada21b4d32', '939019700', '986863105', 'srk5836@psu.edu', 'Samuel', 'Kilareski', 'srk5836@psu.edu', 'tjh6473@psu.edu', 'Thomas', 'Hayden', 'tjh6473@psu.edu', 'tjjphayden@icloud.com', 'Meet with Peer Mentor/Peer Success Coach' ... 1988 parameters truncated ... 'Advising for  assigned advisees', None, None, None, None, None, '30', 1, None, None, 'appointments_20250318T014203.csv', datetime.datetime(2025, 3, 18, 1, 42, 3), 'SF_Appointments', b'\xa3\xc0\xc4\xddq\xe3>p*!\xd4\x1b\xdeVG\x89\x0c\x92q\x8f\xfd{\xc4\x87\x9e\xb3\x87\x92h\x96K\xec', '0481f23b-260a-4563-886c-0f52d19ba04a_949590986', '0481f23b-260a-4563-886c-0f52d19ba04a', '949590986', '946442280', 'sur343@psu.edu', 'Seong Mae', 'Ryoo', 'sur343@psu.edu', 'xzd5113@psu.edu', 'Xiuqi', 'Du', 'xzd5113@psu.edu', 'DUXIUQI2024@163.COM', 'Teaching - Discuss prior course work', datetime.datetime(2025, 3, 18, 16, 30), datetime.datetime(2025, 3, 18, 16, 45), 'W 356E', None, None, None, None, 0, 'Teaching', None, None, None, None, None, '15', 1, None, None, 'appointments_20250318T014203.csv', datetime.datetime(2025, 3, 18, 1, 42, 3), 'SF_Appointments', b'\xd6\x98zb\xbc\x92\x1b\x94O\xbf=\xbe\xcbf\x07\xa1\x17\x01\xa5\xa4\xc1\xc9>\xcd\xb7z(/\x12*\x84\x80')]
(Background on this error at: https://sqlalche.me/e/20/f405)
2025-03-18 14:37:26,711 - INFO - \u2705 Database connection established.
2025-03-18 14:37:26,823 - INFO - \U0001f4ca Fetched 3388 records from source table.
2025-03-18 14:37:26,832 - INFO - \u2705 Staging table verified or created.
2025-03-18 14:37:26,836 - INFO - \u2705 Indexes created or verified.
2025-03-18 14:37:27,054 - ERROR - \u274c Error in ETL process: (pyodbc.ProgrammingError) ('42000', "[42000] [Microsoft][ODBC Driver 17 for SQL Server][SQL Server]String or binary data would be truncated in table 'saraka_sandbox.dbo.staging_appointments', column 'appointment_comment'. Truncated value: 'Naseem and I met to discuss Academic Warning and his Starfish Flags raised in SOC 5, EDSGN 100 and E'. (2628) (SQLParamData); [42000] [Microsoft][ODBC Driver 17 for SQL Server][SQL Server]The statement has been terminated. (3621)")
[SQL: INSERT INTO staging_appointments ([INTEGRATION_ID], appointment_ext_id, participant_integration_id, calendar_owner_integration_id, calendar_owner_userid, calendar_owner_first_name, calendar_owner_last_name, calendar_owner_institutional_email, partici ... 6809 characters truncated ... , ?, ?, ?, ?, ?, ?, ?, ?, ?, ?, ?, ?, ?, ?, ?, ?, ?, ?, ?, ?, ?, ?, ?, ?, ?, ?, ?, ?, ?, ?, ?, ?, ?)]
[parameters: ('00087843-b63f-4bd9-9c60-b71ec112974d_942065832', '00087843-b63f-4bd9-9c60-b71ec112974d', '942065832', '939414855', 'dql11@psu.edu', 'Dean', 'Lewis', 'dql11@psu.edu', 'jwj5525@psu.edu', 'Jake', 'Jenisch', 'jwj5525@psu.edu', 'JAKEWJENISCH@GMAIL.COM', '1. Talk about my classes (past, current, and/or future)', datetime.datetime(2025, 3, 18, 11, 30), datetime.datetime(2025, 3, 18, 12, 0), 'AMIC 232', None, None, None, None, 0, 'Advising for  assigned advisees', None, None, None, None, None, '30', 1, None, None, 'appointments_20250318T014203.csv', datetime.datetime(2025, 3, 18, 1, 42, 3), 'SF_Appointments', bytearray(b'\xbf`\x04\xcf\xebt\xc1\xd5\x963\xb8\x85\'\xb1J=f\x93;;u*\x1b"`\xa0\xbe\x8b\xe0A\xe5\xe9'), '0009f5dd-b322-4225-812a-38ada21b4d32_939019700', '0009f5dd-b322-4225-812a-38ada21b4d32', '939019700', '986863105', 'srk5836@psu.edu', 'Samuel', 'Kilareski', 'srk5836@psu.edu', 'tjh6473@psu.edu', 'Thomas', 'Hayden', 'tjh6473@psu.edu', 'tjjphayden@icloud.com', 'Meet with Peer Mentor/Peer Success Coach' ... 1988 parameters truncated ... 'Advising for  assigned advisees', None, None, None, None, None, '30', 1, None, None, 'appointments_20250318T014203.csv', datetime.datetime(2025, 3, 18, 1, 42, 3), 'SF_Appointments', bytearray(b'\xa3\xc0\xc4\xddq\xe3>p*!\xd4\x1b\xdeVG\x89\x0c\x92q\x8f\xfd{\xc4\x87\x9e\xb3\x87\x92h\x96K\xec'), '0481f23b-260a-4563-886c-0f52d19ba04a_949590986', '0481f23b-260a-4563-886c-0f52d19ba04a', '949590986', '946442280', 'sur343@psu.edu', 'Seong Mae', 'Ryoo', 'sur343@psu.edu', 'xzd5113@psu.edu', 'Xiuqi', 'Du', 'xzd5113@psu.edu', 'DUXIUQI2024@163.COM', 'Teaching - Discuss prior course work', datetime.datetime(2025, 3, 18, 16, 30), datetime.datetime(2025, 3, 18, 16, 45), 'W 356E', None, None, None, None, 0, 'Teaching', None, None, None, None, None, '15', 1, None, None, 'appointments_20250318T014203.csv', datetime.datetime(2025, 3, 18, 1, 42, 3), 'SF_Appointments', bytearray(b'\xd6\x98zb\xbc\x92\x1b\x94O\xbf=\xbe\xcbf\x07\xa1\x17\x01\xa5\xa4\xc1\xc9>\xcd\xb7z(/\x12*\x84\x80'))]
(Background on this error at: https://sqlalche.me/e/20/f405)
2025-03-18 14:38:40,957 - INFO - \u2705 Database connection established.
2025-03-18 14:38:41,069 - INFO - \U0001f4ca Fetched 3388 records from source table.
2025-03-18 14:38:45,213 - INFO - \u2705 Loaded 3388 records into staging table.
